error: Error trying to get carts
fatal: este es fatal
error: este es error
fatal: este es fatal
error: este es error
fatal: este es fatal
error: este es error
fatal: este es fatal
error: este es error
fatal: este es fatal
error: este es error
fatal: este es fatal
error: este es error
error: Invalid types
error: Authorization Error
error: Invalid types
error: Invalid types
error: Authorization Error
error: Invalid types
error: Authorization Error
error: Invalid types
error: Authorization Error
error: Invalid types
error: Authorization Error
error: Invalid types
error: Authorization Error
error: Invalid types
